0 info it worked if it ends with ok
1 verbose cli [ 'node', '/usr/local/bin/npm', 'install', 'mongoose' ]
2 info using npm@1.4.21
3 info using node@v0.10.30
4 warn package.json OpenShift-Sever-Express-Mongo@0.0.1 No repository field.
5 warn package.json OpenShift-Sever-Express-Mongo@0.0.1 No README data
6 verbose readDependencies using package.json deps
7 verbose cache add [ 'mongoose@~4.0.4', null ]
8 verbose cache add name=undefined spec="mongoose@~4.0.4" args=["mongoose@~4.0.4",null]
9 verbose parsed url { protocol: null,
9 verbose parsed url   slashes: null,
9 verbose parsed url   auth: null,
9 verbose parsed url   host: null,
9 verbose parsed url   port: null,
9 verbose parsed url   hostname: null,
9 verbose parsed url   hash: null,
9 verbose parsed url   search: null,
9 verbose parsed url   query: null,
9 verbose parsed url   pathname: 'mongoose@~4.0.4',
9 verbose parsed url   path: 'mongoose@~4.0.4',
9 verbose parsed url   href: 'mongoose@~4.0.4' }
10 verbose cache add name="mongoose" spec="~4.0.4" args=["mongoose","~4.0.4"]
11 verbose parsed url { protocol: null,
11 verbose parsed url   slashes: null,
11 verbose parsed url   auth: null,
11 verbose parsed url   host: null,
11 verbose parsed url   port: null,
11 verbose parsed url   hostname: null,
11 verbose parsed url   hash: null,
11 verbose parsed url   search: null,
11 verbose parsed url   query: null,
11 verbose parsed url   pathname: '~4.0.4',
11 verbose parsed url   path: '~4.0.4',
11 verbose parsed url   href: '~4.0.4' }
12 verbose addNamed [ 'mongoose', '~4.0.4' ]
13 verbose addNamed [ null, '>=4.0.4-0 <4.1.0-0' ]
14 silly lockFile fd3b37e6-mongoose-4-0-4 mongoose@~4.0.4
15 verbose lock mongoose@~4.0.4 /Users/paoloceravolo/.npm/fd3b37e6-mongoose-4-0-4.lock
16 silly addNameRange { name: 'mongoose', range: '>=4.0.4-0 <4.1.0-0', hasData: false }
17 verbose request where is /mongoose
18 verbose request registry https://registry.npmjs.org/
19 verbose request id 97de4af74ec1cb58
20 verbose url raw /mongoose
21 verbose url resolving [ 'https://registry.npmjs.org/', './mongoose' ]
22 verbose url resolved https://registry.npmjs.org/mongoose
23 verbose request where is https://registry.npmjs.org/mongoose
24 info trying registry request attempt 1 at 08:23:05
25 http GET https://registry.npmjs.org/mongoose
26 http 200 https://registry.npmjs.org/mongoose
27 silly registry.get cb [ 200,
27 silly registry.get   { server: 'CouchDB/1.5.0 (Erlang OTP/R16B03)',
27 silly registry.get     etag: '"9FJASD9G9F7TMERAQHOJI07CJ"',
27 silly registry.get     'content-type': 'application/json',
27 silly registry.get     'cache-control': 'max-age=60',
27 silly registry.get     'content-length': '322738',
27 silly registry.get     'accept-ranges': 'bytes',
27 silly registry.get     date: 'Mon, 01 Jun 2015 06:23:09 GMT',
27 silly registry.get     via: '1.1 varnish',
27 silly registry.get     age: '0',
27 silly registry.get     connection: 'keep-alive',
27 silly registry.get     'x-served-by': 'cache-fra1225-FRA',
27 silly registry.get     'x-cache': 'HIT',
27 silly registry.get     'x-cache-hits': '1',
27 silly registry.get     'x-timer': 'S1433139789.803641,VS0,VE107',
27 silly registry.get     vary: 'Accept' } ]
28 silly addNameRange number 2 { name: 'mongoose', range: '>=4.0.4-0 <4.1.0-0', hasData: true }
29 silly addNameRange versions [ 'mongoose',
29 silly addNameRange   [ '0.0.1',
29 silly addNameRange     '0.0.2',
29 silly addNameRange     '0.0.3',
29 silly addNameRange     '0.0.4',
29 silly addNameRange     '0.0.5',
29 silly addNameRange     '1.0.0',
29 silly addNameRange     '1.0.1',
29 silly addNameRange     '1.0.2',
29 silly addNameRange     '0.0.6',
29 silly addNameRange     '1.0.3',
29 silly addNameRange     '1.0.4',
29 silly addNameRange     '1.0.5',
29 silly addNameRange     '1.0.6',
29 silly addNameRange     '1.0.7',
29 silly addNameRange     '1.0.8',
29 silly addNameRange     '1.0.10',
29 silly addNameRange     '1.0.11',
29 silly addNameRange     '1.0.12',
29 silly addNameRange     '1.0.13',
29 silly addNameRange     '1.0.14',
29 silly addNameRange     '1.0.15',
29 silly addNameRange     '1.0.16',
29 silly addNameRange     '1.1.0',
29 silly addNameRange     '1.1.1',
29 silly addNameRange     '1.1.2',
29 silly addNameRange     '1.1.3',
29 silly addNameRange     '1.1.4',
29 silly addNameRange     '1.1.5',
29 silly addNameRange     '1.1.6',
29 silly addNameRange     '1.1.7',
29 silly addNameRange     '1.1.8',
29 silly addNameRange     '1.1.9',
29 silly addNameRange     '1.1.10',
29 silly addNameRange     '1.1.11',
29 silly addNameRange     '1.1.12',
29 silly addNameRange     '1.1.13',
29 silly addNameRange     '1.1.14',
29 silly addNameRange     '1.1.15',
29 silly addNameRange     '1.1.16',
29 silly addNameRange     '1.1.17',
29 silly addNameRange     '1.1.18',
29 silly addNameRange     '1.1.19',
29 silly addNameRange     '1.1.20',
29 silly addNameRange     '1.1.21',
29 silly addNameRange     '1.1.22',
29 silly addNameRange     '1.1.23',
29 silly addNameRange     '1.1.24',
29 silly addNameRange     '1.1.25',
29 silly addNameRange     '1.2.0',
29 silly addNameRange     '1.3.0',
29 silly addNameRange     '1.3.1',
29 silly addNameRange     '1.3.2',
29 silly addNameRange     '1.3.3',
29 silly addNameRange     '1.3.4',
29 silly addNameRange     '1.3.5',
29 silly addNameRange     '1.3.6',
29 silly addNameRange     '1.3.7',
29 silly addNameRange     '1.4.0',
29 silly addNameRange     '1.5.0',
29 silly addNameRange     '1.6.0',
29 silly addNameRange     '1.7.2',
29 silly addNameRange     '1.7.3',
29 silly addNameRange     '1.7.4',
29 silly addNameRange     '1.8.0',
29 silly addNameRange     '1.8.1',
29 silly addNameRange     '1.8.2',
29 silly addNameRange     '1.8.3',
29 silly addNameRange     '1.8.4',
29 silly addNameRange     '2.0.0',
29 silly addNameRange     '2.0.1',
29 silly addNameRange     '2.0.2',
29 silly addNameRange     '2.0.3',
29 silly addNameRange     '2.0.4',
29 silly addNameRange     '2.1.0',
29 silly addNameRange     '2.1.1',
29 silly addNameRange     '2.1.2',
29 silly addNameRange     '2.1.3',
29 silly addNameRange     '2.1.4',
29 silly addNameRange     '2.2.0',
29 silly addNameRange     '2.2.1',
29 silly addNameRange     '2.2.2',
29 silly addNameRange     '2.2.3',
29 silly addNameRange     '2.2.4',
29 silly addNameRange     '2.3.0',
29 silly addNameRange     '2.3.1',
29 silly addNameRange     '2.3.2',
29 silly addNameRange     '2.3.3',
29 silly addNameRange     '2.3.4',
29 silly addNameRange     '2.3.5',
29 silly addNameRange     '2.3.6',
29 silly addNameRange     '2.3.7',
29 silly addNameRange     '2.3.8',
29 silly addNameRange     '2.3.9',
29 silly addNameRange     '2.3.10',
29 silly addNameRange     '2.3.11',
29 silly addNameRange     '2.3.12',
29 silly addNameRange     '2.3.13',
29 silly addNameRange     '2.4.0',
29 silly addNameRange     '2.4.1',
29 silly addNameRange     '2.4.2',
29 silly addNameRange     '2.4.3',
29 silly addNameRange     '2.4.4',
29 silly addNameRange     '2.4.5',
29 silly addNameRange     '2.4.6',
29 silly addNameRange     '2.4.7',
29 silly addNameRange     '2.4.8',
29 silly addNameRange     '2.4.9',
29 silly addNameRange     '2.4.10',
29 silly addNameRange     '2.5.0',
29 silly addNameRange     '2.5.1',
29 silly addNameRange     '2.5.2',
29 silly addNameRange     '2.5.3',
29 silly addNameRange     '2.5.4',
29 silly addNameRange     '2.5.5',
29 silly addNameRange     '2.5.6',
29 silly addNameRange     '2.5.7',
29 silly addNameRange     '2.5.8',
29 silly addNameRange     '2.5.9',
29 silly addNameRange     '2.5.10',
29 silly addNameRange     '2.5.11',
29 silly addNameRange     '2.5.12',
29 silly addNameRange     '2.5.13',
29 silly addNameRange     '2.5.14',
29 silly addNameRange     '2.6.0',
29 silly addNameRange     '2.6.1',
29 silly addNameRange     '2.6.2',
29 silly addNameRange     '2.6.3',
29 silly addNameRange     '2.6.4',
29 silly addNameRange     '2.6.5',
29 silly addNameRange     '2.6.6',
29 silly addNameRange     '2.6.7',
29 silly addNameRange     '2.6.8',
29 silly addNameRange     '2.7.0',
29 silly addNameRange     '2.7.1',
29 silly addNameRange     '2.7.2',
29 silly addNameRange     '2.7.4',
29 silly addNameRange     '2.7.3',
29 silly addNameRange     '3.0.0',
29 silly addNameRange     '3.0.1',
29 silly addNameRange     '3.0.2',
29 silly addNameRange     '2.8.0',
29 silly addNameRange     '3.0.3',
29 silly addNameRange     '3.1.0',
29 silly addNameRange     '2.8.1',
29 silly addNameRange     '3.1.1',
29 silly addNameRange     '2.8.2',
29 silly addNameRange     '2.8.3',
29 silly addNameRange     '2.9.0',
29 silly addNameRange     '3.2.0',
29 silly addNameRange     '2.9.1',
29 silly addNameRange     '3.2.1',
29 silly addNameRange     '2.9.2',
29 silly addNameRange     '3.2.2',
29 silly addNameRange     '3.3.0',
29 silly addNameRange     '3.3.1',
29 silly addNameRange     '2.9.3',
29 silly addNameRange     '3.4.0',
29 silly addNameRange     '2.9.4',
29 silly addNameRange     '2.9.5',
29 silly addNameRange     '3.5.0',
29 silly addNameRange     '3.5.1',
29 silly addNameRange     '3.5.2',
29 silly addNameRange     '3.5.3',
29 silly addNameRange     '2.9.6',
29 silly addNameRange     '2.9.7',
29 silly addNameRange     '3.5.4',
29 silly addNameRange     '3.5.5',
29 silly addNameRange     '2.9.8',
29 silly addNameRange     '2.9.9',
29 silly addNameRange     '3.5.6',
29 silly addNameRange     '3.5.7',
29 silly addNameRange     '3.5.8',
29 silly addNameRange     '2.9.10',
29 silly addNameRange     '3.5.9',
29 silly addNameRange     '3.6.2',
29 silly addNameRange     '3.5.10',
29 silly addNameRange     '3.6.3',
29 silly addNameRange     '3.5.11',
29 silly addNameRange     '3.6.4',
29 silly addNameRange     '3.6.5',
29 silly addNameRange     '3.6.6',
29 silly addNameRange     '3.6.7',
29 silly addNameRange     '3.5.12',
29 silly addNameRange     '3.6.8',
29 silly addNameRange     '3.6.9',
29 silly addNameRange     '3.6.10',
29 silly addNameRange     '3.5.13',
29 silly addNameRange     '3.5.14',
29 silly addNameRange     '3.6.11',
29 silly addNameRange     '3.6.12',
29 silly addNameRange     '3.6.13',
29 silly addNameRange     '3.6.14',
29 silly addNameRange     '3.6.15',
29 silly addNameRange     '3.5.15',
29 silly addNameRange     '3.7.0',
29 silly addNameRange     '3.6.16',
29 silly addNameRange     '3.5.16',
29 silly addNameRange     '3.6.17',
29 silly addNameRange     '3.7.2',
29 silly addNameRange     '3.0.0-alpha1',
29 silly addNameRange     '3.0.0-alpha2',
29 silly addNameRange     '3.0.0-rc0',
29 silly addNameRange     '3.6.0-rc0',
29 silly addNameRange     '3.6.0-rc1',
29 silly addNameRange     '3.6.18',
29 silly addNameRange     '3.7.3',
29 silly addNameRange     '3.6.19',
29 silly addNameRange     '3.6.20',
29 silly addNameRange     '3.7.4',
29 silly addNameRange     '3.8.0',
29 silly addNameRange     '3.8.1',
29 silly addNameRange     '3.8.2',
29 silly addNameRange     '3.8.3',
29 silly addNameRange     '3.8.4',
29 silly addNameRange     '3.8.5',
29 silly addNameRange     '3.8.6',
29 silly addNameRange     '3.8.7',
29 silly addNameRange     '3.8.8',
29 silly addNameRange     '3.8.9',
29 silly addNameRange     '3.8.10',
29 silly addNameRange     '3.8.11',
29 silly addNameRange     '3.9.0',
29 silly addNameRange     '3.8.12',
29 silly addNameRange     '3.8.13',
29 silly addNameRange     '3.8.14',
29 silly addNameRange     '3.8.15',
29 silly addNameRange     '3.9.1',
29 silly addNameRange     '3.8.16',
29 silly addNameRange     '3.9.2',
29 silly addNameRange     '3.8.17',
29 silly addNameRange     '3.9.3',
29 silly addNameRange     '3.8.18',
29 silly addNameRange     '3.9.4',
29 silly addNameRange     '3.8.19',
29 silly addNameRange     '3.9.5',
29 silly addNameRange     '3.8.20',
29 silly addNameRange     '3.9.6',
29 silly addNameRange     '3.8.21',
29 silly addNameRange     '3.9.7',
29 silly addNameRange     '3.8.22',
29 silly addNameRange     '4.0.0-rc0',
29 silly addNameRange     '4.0.0-rc1',
29 silly addNameRange     '3.8.23',
29 silly addNameRange     '4.0.0-rc2',
29 silly addNameRange     '3.8.24',
29 silly addNameRange     '4.0.0-rc3',
29 silly addNameRange     '3.8.25',
29 silly addNameRange     '4.0.0-rc4',
29 silly addNameRange     '4.0.0',
29 silly addNameRange     '4.0.1',
29 silly addNameRange     '3.8.26',
29 silly addNameRange     '3.8.27',
29 silly addNameRange     '4.0.2',
29 silly addNameRange     '3.8.28',
29 silly addNameRange     '4.0.3',
29 silly addNameRange     '3.8.29',
29 silly addNameRange     '4.0.4' ] ]
30 verbose addNamed [ 'mongoose', '4.0.4' ]
31 verbose addNamed [ '4.0.4', '4.0.4' ]
32 silly lockFile 33002b46-mongoose-4-0-4 mongoose@4.0.4
33 verbose lock mongoose@4.0.4 /Users/paoloceravolo/.npm/33002b46-mongoose-4-0-4.lock
34 silly lockFile f719ec19--org-mongoose-mongoose-4-0-4-tgz https://registry.npmjs.org/mongoose/-/mongoose-4.0.4.tgz
35 verbose lock https://registry.npmjs.org/mongoose/-/mongoose-4.0.4.tgz /Users/paoloceravolo/.npm/f719ec19--org-mongoose-mongoose-4-0-4-tgz.lock
36 verbose addRemoteTarball [ 'https://registry.npmjs.org/mongoose/-/mongoose-4.0.4.tgz',
36 verbose addRemoteTarball   'eb2b10819c006312b505dfd1799fdcdd17f42a1c' ]
37 info retry fetch attempt 1 at 08:23:06
38 verbose fetch to= /var/folders/m7/qp12g5sx6jv16kn1_r6ch_440000gn/T/npm-677-sDAIIXbl/registry.npmjs.org/mongoose/-/mongoose-4.0.4.tgz
39 http GET https://registry.npmjs.org/mongoose/-/mongoose-4.0.4.tgz
40 http 200 https://registry.npmjs.org/mongoose/-/mongoose-4.0.4.tgz
41 silly lockFile f719ec19--org-mongoose-mongoose-4-0-4-tgz https://registry.npmjs.org/mongoose/-/mongoose-4.0.4.tgz
42 silly lockFile f719ec19--org-mongoose-mongoose-4-0-4-tgz https://registry.npmjs.org/mongoose/-/mongoose-4.0.4.tgz
43 silly lockFile 33002b46-mongoose-4-0-4 mongoose@4.0.4
44 silly lockFile 33002b46-mongoose-4-0-4 mongoose@4.0.4
45 silly lockFile fd3b37e6-mongoose-4-0-4 mongoose@~4.0.4
46 silly lockFile fd3b37e6-mongoose-4-0-4 mongoose@~4.0.4
47 silly resolved [ { name: 'mongoose',
47 silly resolved     description: 'Mongoose MongoDB ODM',
47 silly resolved     version: '4.0.4',
47 silly resolved     author: { name: 'Guillermo Rauch', email: 'guillermo@learnboost.com' },
47 silly resolved     keywords:
47 silly resolved      [ 'mongodb',
47 silly resolved        'document',
47 silly resolved        'model',
47 silly resolved        'schema',
47 silly resolved        'database',
47 silly resolved        'odm',
47 silly resolved        'data',
47 silly resolved        'datastore',
47 silly resolved        'query',
47 silly resolved        'nosql',
47 silly resolved        'orm',
47 silly resolved        'db' ],
47 silly resolved     license: 'MIT',
47 silly resolved     dependencies:
47 silly resolved      { async: '0.9.0',
47 silly resolved        bson: '~0.3',
47 silly resolved        'hooks-fixed': '1.0.1',
47 silly resolved        kareem: '1.0.1',
47 silly resolved        mongodb: '2.0.33',
47 silly resolved        mpath: '0.1.1',
47 silly resolved        mpromise: '0.5.4',
47 silly resolved        mquery: '1.5.1',
47 silly resolved        ms: '0.1.0',
47 silly resolved        muri: '1.0.0',
47 silly resolved        'regexp-clone': '0.0.1',
47 silly resolved        sliced: '0.0.5' },
47 silly resolved     devDependencies:
47 silly resolved      { acquit: '0.0.3',
47 silly resolved        benchmark: '1.0.0',
47 silly resolved        co: '3.1.0',
47 silly resolved        dox: '0.3.1',
47 silly resolved        'highlight.js': '7.0.1',
47 silly resolved        jade: '0.26.3',
47 silly resolved        markdown: '0.3.1',
47 silly resolved        marked: '0.3.2',
47 silly resolved        mocha: '1.20.0',
47 silly resolved        'node-static': '0.5.9',
47 silly resolved        open: '0.0.3',
47 silly resolved        tbd: '0.6.4',
47 silly resolved        'uglify-js': '2.4.15',
47 silly resolved        underscore: '1.5.2',
47 silly resolved        istanbul: '^0.3.13' },
47 silly resolved     browserDependencies:
47 silly resolved      { browserify: '4.1.10',
47 silly resolved        karma: '0.12.16',
47 silly resolved        'karma-chai': '0.1.0',
47 silly resolved        'karma-mocha': '0.1.4',
47 silly resolved        'karma-chrome-launcher': '0.1.4',
47 silly resolved        'karma-sauce-launcher': '0.2.8' },
47 silly resolved     directories: { lib: './lib/mongoose' },
47 silly resolved     scripts:
47 silly resolved      { 'install-browser': 'npm install `node format_deps.js`',
47 silly resolved        test: 'set MONGOOSE_DISABLE_STABILITY_WARNING=1 && mocha --async-only test/*.test.js',
47 silly resolved        'test-cov': 'set MONGOOSE_DISABLE_STABILITY_WARNING=1 && node_modules/.bin/istanbul cover node_modules/.bin/_mocha --async-only test/*.test.js' },
47 silly resolved     main: './index.js',
47 silly resolved     engines: { node: '>=0.6.19' },
47 silly resolved     bugs:
47 silly resolved      { url: 'https://github.com/learnboost/mongoose/issues/new',
47 silly resolved        email: 'mongoose-orm@googlegroups.com' },
47 silly resolved     repository: { type: 'git', url: 'git://github.com/LearnBoost/mongoose.git' },
47 silly resolved     homepage: 'http://mongoosejs.com',
47 silly resolved     browser: 'lib/browser.js',
47 silly resolved     gitHead: '8217926675d61f1d1c63a1d8356604c96e36dc91',
47 silly resolved     _id: 'mongoose@4.0.4',
47 silly resolved     _shasum: 'eb2b10819c006312b505dfd1799fdcdd17f42a1c',
47 silly resolved     _from: 'mongoose@~4.0.4',
47 silly resolved     _npmVersion: '2.9.1',
47 silly resolved     _nodeVersion: '0.12.3',
47 silly resolved     _npmUser: { name: 'vkarpov15', email: 'val@karpov.io' },
47 silly resolved     dist:
47 silly resolved      { shasum: 'eb2b10819c006312b505dfd1799fdcdd17f42a1c',
47 silly resolved        tarball: 'http://registry.npmjs.org/mongoose/-/mongoose-4.0.4.tgz' },
47 silly resolved     maintainers: [ [Object], [Object], [Object], [Object], [Object] ],
47 silly resolved     _resolved: 'https://registry.npmjs.org/mongoose/-/mongoose-4.0.4.tgz' } ]
48 info install mongoose@4.0.4 into /Users/paoloceravolo/GitHub/nodetest
49 info installOne mongoose@4.0.4
50 verbose node_modules/mongoose unbuild
51 verbose tar unpack /Users/paoloceravolo/.npm/mongoose/4.0.4/package.tgz
52 silly lockFile 4b8758aa-b-nodetest-node-modules-mongoose tar:///Users/paoloceravolo/GitHub/nodetest/node_modules/mongoose
53 verbose lock tar:///Users/paoloceravolo/GitHub/nodetest/node_modules/mongoose /Users/paoloceravolo/.npm/4b8758aa-b-nodetest-node-modules-mongoose.lock
54 silly lockFile 0dd40f22-o-npm-mongoose-4-0-4-package-tgz tar:///Users/paoloceravolo/.npm/mongoose/4.0.4/package.tgz
55 verbose lock tar:///Users/paoloceravolo/.npm/mongoose/4.0.4/package.tgz /Users/paoloceravolo/.npm/0dd40f22-o-npm-mongoose-4-0-4-package-tgz.lock
56 silly gunzTarPerm modes [ '755', '644' ]
57 silly gunzTarPerm extractEntry package.json
58 silly gunzTarPerm modified mode [ 'package.json', 436, 420 ]
59 silly gunzTarPerm extractEntry .npmignore
60 silly gunzTarPerm modified mode [ '.npmignore', 436, 420 ]
61 silly gunzTarPerm extractEntry README.md
62 silly gunzTarPerm modified mode [ 'README.md', 436, 420 ]
63 silly gunzTarPerm extractEntry website.js
64 silly gunzTarPerm modified mode [ 'website.js', 436, 420 ]
65 silly gunzTarPerm extractEntry static.js
66 silly gunzTarPerm modified mode [ 'static.js', 436, 420 ]
67 silly gunzTarPerm extractEntry index.js
68 silly gunzTarPerm modified mode [ 'index.js', 436, 420 ]
69 silly gunzTarPerm extractEntry History.md
70 silly gunzTarPerm modified mode [ 'History.md', 436, 420 ]
71 silly gunzTarPerm extractEntry examples/README.md
72 silly gunzTarPerm modified mode [ 'examples/README.md', 436, 420 ]
73 silly gunzTarPerm extractEntry examples/doc-methods.js
74 silly gunzTarPerm modified mode [ 'examples/doc-methods.js', 436, 420 ]
75 silly gunzTarPerm extractEntry examples/statics/person.js
76 silly gunzTarPerm modified mode [ 'examples/statics/person.js', 436, 420 ]
77 silly gunzTarPerm extractEntry examples/statics/statics.js
78 silly gunzTarPerm modified mode [ 'examples/statics/statics.js', 436, 420 ]
79 silly gunzTarPerm extractEntry examples/express/README.md
80 silly gunzTarPerm modified mode [ 'examples/express/README.md', 436, 420 ]
81 silly gunzTarPerm extractEntry examples/express/connection-sharing/package.json
82 silly gunzTarPerm modified mode [ 'examples/express/connection-sharing/package.json', 436, 420 ]
83 silly gunzTarPerm extractEntry examples/express/connection-sharing/README.md
84 silly gunzTarPerm modified mode [ 'examples/express/connection-sharing/README.md', 436, 420 ]
85 silly gunzTarPerm extractEntry examples/express/connection-sharing/app.js
86 silly gunzTarPerm modified mode [ 'examples/express/connection-sharing/app.js', 436, 420 ]
87 silly gunzTarPerm extractEntry examples/express/connection-sharing/modelA.js
88 silly gunzTarPerm modified mode [ 'examples/express/connection-sharing/modelA.js', 436, 420 ]
89 silly gunzTarPerm extractEntry examples/express/connection-sharing/routes.js
90 silly gunzTarPerm modified mode [ 'examples/express/connection-sharing/routes.js', 436, 420 ]
91 silly gunzTarPerm extractEntry examples/geospatial/package.json
92 silly gunzTarPerm modified mode [ 'examples/geospatial/package.json', 436, 420 ]
93 silly gunzTarPerm extractEntry examples/geospatial/geoJSONSchema.js
94 silly gunzTarPerm modified mode [ 'examples/geospatial/geoJSONSchema.js', 436, 420 ]
95 silly gunzTarPerm extractEntry examples/geospatial/geoJSONexample.js
96 silly gunzTarPerm modified mode [ 'examples/geospatial/geoJSONexample.js', 436, 420 ]
97 silly gunzTarPerm extractEntry examples/geospatial/geospatial.js
98 silly gunzTarPerm modified mode [ 'examples/geospatial/geospatial.js', 436, 420 ]
99 silly gunzTarPerm extractEntry examples/geospatial/person.js
100 silly gunzTarPerm modified mode [ 'examples/geospatial/person.js', 436, 420 ]
101 silly gunzTarPerm extractEntry examples/globalschemas/gs_example.js
102 silly gunzTarPerm modified mode [ 'examples/globalschemas/gs_example.js', 436, 420 ]
103 silly gunzTarPerm extractEntry examples/globalschemas/person.js
104 silly gunzTarPerm modified mode [ 'examples/globalschemas/person.js', 436, 420 ]
105 silly gunzTarPerm extractEntry examples/lean/package.json
106 silly gunzTarPerm modified mode [ 'examples/lean/package.json', 436, 420 ]
107 silly gunzTarPerm extractEntry examples/lean/lean.js
108 silly gunzTarPerm modified mode [ 'examples/lean/lean.js', 436, 420 ]
109 silly gunzTarPerm extractEntry examples/lean/person.js
110 silly gunzTarPerm modified mode [ 'examples/lean/person.js', 436, 420 ]
111 silly gunzTarPerm extractEntry examples/aggregate/package.json
112 silly gunzTarPerm modified mode [ 'examples/aggregate/package.json', 436, 420 ]
113 silly gunzTarPerm extractEntry examples/aggregate/aggregate.js
114 silly gunzTarPerm modified mode [ 'examples/aggregate/aggregate.js', 436, 420 ]
115 silly gunzTarPerm extractEntry examples/aggregate/person.js
116 silly gunzTarPerm modified mode [ 'examples/aggregate/person.js', 436, 420 ]
117 silly gunzTarPerm extractEntry examples/population/population-across-three-collections.js
118 silly gunzTarPerm modified mode [ 'examples/population/population-across-three-collections.js',
118 silly gunzTarPerm   436,
118 silly gunzTarPerm   420 ]
119 silly gunzTarPerm extractEntry examples/population/population-basic.js
120 silly gunzTarPerm modified mode [ 'examples/population/population-basic.js', 436, 420 ]
121 silly gunzTarPerm extractEntry examples/population/population-of-existing-doc.js
122 silly gunzTarPerm modified mode [ 'examples/population/population-of-existing-doc.js', 436, 420 ]
123 silly gunzTarPerm extractEntry examples/population/population-of-multiple-existing-docs.js
124 silly gunzTarPerm modified mode [ 'examples/population/population-of-multiple-existing-docs.js',
124 silly gunzTarPerm   436,
124 silly gunzTarPerm   420 ]
125 silly gunzTarPerm extractEntry examples/population/population-options.js
126 silly gunzTarPerm modified mode [ 'examples/population/population-options.js', 436, 420 ]
127 silly gunzTarPerm extractEntry examples/population/population-plain-objects.js
128 silly gunzTarPerm modified mode [ 'examples/population/population-plain-objects.js', 436, 420 ]
129 silly gunzTarPerm extractEntry examples/promises/package.json
130 silly gunzTarPerm modified mode [ 'examples/promises/package.json', 436, 420 ]
131 silly gunzTarPerm extractEntry examples/promises/person.js
132 silly gunzTarPerm modified mode [ 'examples/promises/person.js', 436, 420 ]
133 silly gunzTarPerm extractEntry examples/promises/promise.js
134 silly gunzTarPerm modified mode [ 'examples/promises/promise.js', 436, 420 ]
135 silly gunzTarPerm extractEntry examples/querybuilder/package.json
136 silly gunzTarPerm modified mode [ 'examples/querybuilder/package.json', 436, 420 ]
137 silly gunzTarPerm extractEntry examples/querybuilder/person.js
138 silly gunzTarPerm modified mode [ 'examples/querybuilder/person.js', 436, 420 ]
139 silly gunzTarPerm extractEntry examples/querybuilder/querybuilder.js
140 silly gunzTarPerm modified mode [ 'examples/querybuilder/querybuilder.js', 436, 420 ]
141 silly gunzTarPerm extractEntry examples/replicasets/package.json
142 silly gunzTarPerm modified mode [ 'examples/replicasets/package.json', 436, 420 ]
143 silly gunzTarPerm extractEntry examples/replicasets/person.js
144 silly gunzTarPerm modified mode [ 'examples/replicasets/person.js', 436, 420 ]
145 silly gunzTarPerm extractEntry examples/replicasets/replica-sets.js
146 silly gunzTarPerm modified mode [ 'examples/replicasets/replica-sets.js', 436, 420 ]
147 silly gunzTarPerm extractEntry examples/schema/schema.js
148 silly gunzTarPerm modified mode [ 'examples/schema/schema.js', 436, 420 ]
149 silly gunzTarPerm extractEntry examples/schema/storing-schemas-as-json/index.js
150 silly gunzTarPerm modified mode [ 'examples/schema/storing-schemas-as-json/index.js', 436, 420 ]
151 silly gunzTarPerm extractEntry examples/schema/storing-schemas-as-json/schema.json
152 silly gunzTarPerm modified mode [ 'examples/schema/storing-schemas-as-json/schema.json',
152 silly gunzTarPerm   436,
152 silly gunzTarPerm   420 ]
153 silly gunzTarPerm extractEntry examples/mapreduce/package.json
154 silly gunzTarPerm modified mode [ 'examples/mapreduce/package.json', 436, 420 ]
155 silly gunzTarPerm extractEntry examples/mapreduce/mapreduce.js
156 silly gunzTarPerm modified mode [ 'examples/mapreduce/mapreduce.js', 436, 420 ]
157 silly gunzTarPerm extractEntry examples/mapreduce/person.js
158 silly gunzTarPerm modified mode [ 'examples/mapreduce/person.js', 436, 420 ]
159 silly gunzTarPerm extractEntry contRun.sh
160 silly gunzTarPerm modified mode [ 'contRun.sh', 509, 493 ]
161 silly gunzTarPerm extractEntry CONTRIBUTING.md
162 silly gunzTarPerm modified mode [ 'CONTRIBUTING.md', 436, 420 ]
163 silly gunzTarPerm extractEntry lib/aggregate.js
164 silly gunzTarPerm modified mode [ 'lib/aggregate.js', 436, 420 ]
165 silly gunzTarPerm extractEntry lib/document.js
166 silly gunzTarPerm modified mode [ 'lib/document.js', 436, 420 ]
167 silly gunzTarPerm extractEntry lib/document_provider.js
168 silly gunzTarPerm modified mode [ 'lib/document_provider.js', 436, 420 ]
169 silly gunzTarPerm extractEntry lib/utils.js
170 silly gunzTarPerm modified mode [ 'lib/utils.js', 436, 420 ]
171 silly gunzTarPerm extractEntry lib/statemachine.js
172 silly gunzTarPerm modified mode [ 'lib/statemachine.js', 436, 420 ]
173 silly gunzTarPerm extractEntry lib/connectionstate.js
174 silly gunzTarPerm modified mode [ 'lib/connectionstate.js', 436, 420 ]
175 silly gunzTarPerm extractEntry lib/index.js
176 silly gunzTarPerm modified mode [ 'lib/index.js', 436, 420 ]
177 silly gunzTarPerm extractEntry lib/browser.js
178 silly gunzTarPerm modified mode [ 'lib/browser.js', 436, 420 ]
179 silly gunzTarPerm extractEntry lib/model.js
180 silly gunzTarPerm modified mode [ 'lib/model.js', 436, 420 ]
181 silly gunzTarPerm extractEntry lib/promise.js
182 silly gunzTarPerm modified mode [ 'lib/promise.js', 436, 420 ]
183 silly gunzTarPerm extractEntry lib/query.js
184 silly gunzTarPerm modified mode [ 'lib/query.js', 436, 420 ]
185 silly gunzTarPerm extractEntry lib/connection.js
186 silly gunzTarPerm modified mode [ 'lib/connection.js', 436, 420 ]
187 silly gunzTarPerm extractEntry lib/queryhelpers.js
188 silly gunzTarPerm modified mode [ 'lib/queryhelpers.js', 436, 420 ]
189 silly gunzTarPerm extractEntry lib/collection.js
190 silly gunzTarPerm modified mode [ 'lib/collection.js', 436, 420 ]
191 silly gunzTarPerm extractEntry lib/querystream.js
192 silly gunzTarPerm modified mode [ 'lib/querystream.js', 436, 420 ]
193 silly gunzTarPerm extractEntry lib/cast.js
194 silly gunzTarPerm modified mode [ 'lib/cast.js', 436, 420 ]
195 silly gunzTarPerm extractEntry lib/schematype.js
196 silly gunzTarPerm modified mode [ 'lib/schematype.js', 436, 420 ]
197 silly gunzTarPerm extractEntry lib/browserDocument.js
198 silly gunzTarPerm modified mode [ 'lib/browserDocument.js', 436, 420 ]
199 silly gunzTarPerm extractEntry lib/schema.js
200 silly gunzTarPerm modified mode [ 'lib/schema.js', 436, 420 ]
201 silly gunzTarPerm extractEntry lib/error.js
202 silly gunzTarPerm modified mode [ 'lib/error.js', 436, 420 ]
203 silly gunzTarPerm extractEntry lib/virtualtype.js
204 silly gunzTarPerm modified mode [ 'lib/virtualtype.js', 436, 420 ]
205 silly gunzTarPerm extractEntry lib/internal.js
206 silly gunzTarPerm modified mode [ 'lib/internal.js', 436, 420 ]
207 silly gunzTarPerm extractEntry lib/schema/array.js
208 silly gunzTarPerm modified mode [ 'lib/schema/array.js', 436, 420 ]
209 silly gunzTarPerm extractEntry lib/schema/boolean.js
210 silly gunzTarPerm modified mode [ 'lib/schema/boolean.js', 436, 420 ]
211 silly gunzTarPerm extractEntry lib/schema/buffer.js
212 silly gunzTarPerm modified mode [ 'lib/schema/buffer.js', 436, 420 ]
213 silly gunzTarPerm extractEntry lib/schema/date.js
214 silly gunzTarPerm modified mode [ 'lib/schema/date.js', 436, 420 ]
215 silly gunzTarPerm extractEntry lib/schema/documentarray.js
216 silly gunzTarPerm modified mode [ 'lib/schema/documentarray.js', 436, 420 ]
217 silly gunzTarPerm extractEntry lib/schema/index.js
218 silly gunzTarPerm modified mode [ 'lib/schema/index.js', 436, 420 ]
219 silly gunzTarPerm extractEntry lib/schema/mixed.js
220 silly gunzTarPerm modified mode [ 'lib/schema/mixed.js', 436, 420 ]
221 silly gunzTarPerm extractEntry lib/schema/number.js
222 silly gunzTarPerm modified mode [ 'lib/schema/number.js', 436, 420 ]
223 silly gunzTarPerm extractEntry lib/schema/objectid.js
224 silly gunzTarPerm modified mode [ 'lib/schema/objectid.js', 436, 420 ]
225 silly gunzTarPerm extractEntry lib/schema/string.js
226 silly gunzTarPerm modified mode [ 'lib/schema/string.js', 436, 420 ]
227 silly gunzTarPerm extractEntry lib/services/updateValidators.js
228 silly gunzTarPerm modified mode [ 'lib/services/updateValidators.js', 436, 420 ]
229 silly gunzTarPerm extractEntry lib/error/browserMissingSchema.js
230 silly gunzTarPerm modified mode [ 'lib/error/browserMissingSchema.js', 436, 420 ]
231 silly gunzTarPerm extractEntry lib/error/cast.js
232 silly gunzTarPerm modified mode [ 'lib/error/cast.js', 436, 420 ]
233 silly gunzTarPerm extractEntry lib/error/divergentArray.js
234 silly gunzTarPerm modified mode [ 'lib/error/divergentArray.js', 436, 420 ]
235 silly gunzTarPerm extractEntry lib/error/messages.js
236 silly gunzTarPerm modified mode [ 'lib/error/messages.js', 436, 420 ]
237 silly gunzTarPerm extractEntry lib/error/missingSchema.js
238 silly gunzTarPerm modified mode [ 'lib/error/missingSchema.js', 436, 420 ]
239 silly gunzTarPerm extractEntry lib/error/overwriteModel.js
240 silly gunzTarPerm modified mode [ 'lib/error/overwriteModel.js', 436, 420 ]
241 silly gunzTarPerm extractEntry lib/error/validation.js
242 silly gunzTarPerm modified mode [ 'lib/error/validation.js', 436, 420 ]
243 silly gunzTarPerm extractEntry lib/error/validator.js
244 silly gunzTarPerm modified mode [ 'lib/error/validator.js', 436, 420 ]
245 silly gunzTarPerm extractEntry lib/error/version.js
246 silly gunzTarPerm modified mode [ 'lib/error/version.js', 436, 420 ]
247 silly gunzTarPerm extractEntry lib/types/array.js
248 silly gunzTarPerm modified mode [ 'lib/types/array.js', 436, 420 ]
249 silly gunzTarPerm extractEntry lib/types/buffer.js
250 silly gunzTarPerm modified mode [ 'lib/types/buffer.js', 436, 420 ]
251 silly gunzTarPerm extractEntry lib/types/documentarray.js
252 silly gunzTarPerm modified mode [ 'lib/types/documentarray.js', 436, 420 ]
253 silly gunzTarPerm extractEntry lib/types/embedded.js
254 silly gunzTarPerm modified mode [ 'lib/types/embedded.js', 436, 420 ]
255 silly gunzTarPerm extractEntry lib/types/index.js
256 silly gunzTarPerm modified mode [ 'lib/types/index.js', 436, 420 ]
257 silly gunzTarPerm extractEntry lib/types/objectid.js
258 silly gunzTarPerm modified mode [ 'lib/types/objectid.js', 436, 420 ]
259 silly gunzTarPerm extractEntry lib/drivers/SPEC.md
260 silly gunzTarPerm modified mode [ 'lib/drivers/SPEC.md', 436, 420 ]
261 silly gunzTarPerm extractEntry lib/drivers/node-mongodb-native/binary.js
262 silly gunzTarPerm modified mode [ 'lib/drivers/node-mongodb-native/binary.js', 436, 420 ]
263 silly gunzTarPerm extractEntry lib/drivers/node-mongodb-native/collection.js
264 silly gunzTarPerm modified mode [ 'lib/drivers/node-mongodb-native/collection.js', 436, 420 ]
265 silly gunzTarPerm extractEntry lib/drivers/node-mongodb-native/connection.js
266 silly gunzTarPerm modified mode [ 'lib/drivers/node-mongodb-native/connection.js', 436, 420 ]
267 silly gunzTarPerm extractEntry lib/drivers/node-mongodb-native/objectid.js
268 silly gunzTarPerm modified mode [ 'lib/drivers/node-mongodb-native/objectid.js', 436, 420 ]
269 silly gunzTarPerm extractEntry release-items.md
270 silly gunzTarPerm modified mode [ 'release-items.md', 436, 420 ]
271 silly gunzTarPerm extractEntry .travis.yml
272 silly gunzTarPerm modified mode [ '.travis.yml', 436, 420 ]
273 silly lockFile 4b8758aa-b-nodetest-node-modules-mongoose tar:///Users/paoloceravolo/GitHub/nodetest/node_modules/mongoose
274 silly lockFile 4b8758aa-b-nodetest-node-modules-mongoose tar:///Users/paoloceravolo/GitHub/nodetest/node_modules/mongoose
275 silly lockFile 0dd40f22-o-npm-mongoose-4-0-4-package-tgz tar:///Users/paoloceravolo/.npm/mongoose/4.0.4/package.tgz
276 silly lockFile 0dd40f22-o-npm-mongoose-4-0-4-package-tgz tar:///Users/paoloceravolo/.npm/mongoose/4.0.4/package.tgz
277 info preinstall mongoose@4.0.4
278 verbose readDependencies using package.json deps
279 verbose readDependencies using package.json deps
280 verbose cache add [ 'async@0.9.0', null ]
281 verbose cache add name=undefined spec="async@0.9.0" args=["async@0.9.0",null]
282 verbose parsed url { protocol: null,
282 verbose parsed url   slashes: null,
282 verbose parsed url   auth: null,
282 verbose parsed url   host: null,
282 verbose parsed url   port: null,
282 verbose parsed url   hostname: null,
282 verbose parsed url   hash: null,
282 verbose parsed url   search: null,
282 verbose parsed url   query: null,
282 verbose parsed url   pathname: 'async@0.9.0',
282 verbose parsed url   path: 'async@0.9.0',
282 verbose parsed url   href: 'async@0.9.0' }
283 verbose cache add [ 'bson@~0.3', null ]
284 verbose cache add name=undefined spec="bson@~0.3" args=["bson@~0.3",null]
285 verbose parsed url { protocol: null,
285 verbose parsed url   slashes: null,
285 verbose parsed url   auth: null,
285 verbose parsed url   host: null,
285 verbose parsed url   port: null,
285 verbose parsed url   hostname: null,
285 verbose parsed url   hash: null,
285 verbose parsed url   search: null,
285 verbose parsed url   query: null,
285 verbose parsed url   pathname: 'bson@~0.3',
285 verbose parsed url   path: 'bson@~0.3',
285 verbose parsed url   href: 'bson@~0.3' }
286 verbose cache add name="async" spec="0.9.0" args=["async","0.9.0"]
287 verbose parsed url { protocol: null,
287 verbose parsed url   slashes: null,
287 verbose parsed url   auth: null,
287 verbose parsed url   host: null,
287 verbose parsed url   port: null,
287 verbose parsed url   hostname: null,
287 verbose parsed url   hash: null,
287 verbose parsed url   search: null,
287 verbose parsed url   query: null,
287 verbose parsed url   pathname: '0.9.0',
287 verbose parsed url   path: '0.9.0',
287 verbose parsed url   href: '0.9.0' }
288 verbose addNamed [ 'async', '0.9.0' ]
289 verbose addNamed [ '0.9.0', '0.9.0' ]
290 silly lockFile 9a58a886-async-0-9-0 async@0.9.0
291 verbose lock async@0.9.0 /Users/paoloceravolo/.npm/9a58a886-async-0-9-0.lock
292 verbose cache add [ 'hooks-fixed@1.0.1', null ]
293 verbose cache add name=undefined spec="hooks-fixed@1.0.1" args=["hooks-fixed@1.0.1",null]
294 verbose parsed url { protocol: null,
294 verbose parsed url   slashes: null,
294 verbose parsed url   auth: null,
294 verbose parsed url   host: null,
294 verbose parsed url   port: null,
294 verbose parsed url   hostname: null,
294 verbose parsed url   hash: null,
294 verbose parsed url   search: null,
294 verbose parsed url   query: null,
294 verbose parsed url   pathname: 'hooks-fixed@1.0.1',
294 verbose parsed url   path: 'hooks-fixed@1.0.1',
294 verbose parsed url   href: 'hooks-fixed@1.0.1' }
295 verbose cache add [ 'kareem@1.0.1', null ]
296 verbose cache add name=undefined spec="kareem@1.0.1" args=["kareem@1.0.1",null]
297 verbose parsed url { protocol: null,
297 verbose parsed url   slashes: null,
297 verbose parsed url   auth: null,
297 verbose parsed url   host: null,
297 verbose parsed url   port: null,
297 verbose parsed url   hostname: null,
297 verbose parsed url   hash: null,
297 verbose parsed url   search: null,
297 verbose parsed url   query: null,
297 verbose parsed url   pathname: 'kareem@1.0.1',
297 verbose parsed url   path: 'kareem@1.0.1',
297 verbose parsed url   href: 'kareem@1.0.1' }
298 verbose cache add name="bson" spec="~0.3" args=["bson","~0.3"]
299 verbose parsed url { protocol: null,
299 verbose parsed url   slashes: null,
299 verbose parsed url   auth: null,
299 verbose parsed url   host: null,
299 verbose parsed url   port: null,
299 verbose parsed url   hostname: null,
299 verbose parsed url   hash: null,
299 verbose parsed url   search: null,
299 verbose parsed url   query: null,
299 verbose parsed url   pathname: '~0.3',
299 verbose parsed url   path: '~0.3',
299 verbose parsed url   href: '~0.3' }
300 verbose addNamed [ 'bson', '~0.3' ]
301 verbose addNamed [ null, '>=0.3.0-0 <0.4.0-0' ]
302 silly lockFile 2280cb10-bson-0-3 bson@~0.3
303 verbose lock bson@~0.3 /Users/paoloceravolo/.npm/2280cb10-bson-0-3.lock
304 verbose cache add name="hooks-fixed" spec="1.0.1" args=["hooks-fixed","1.0.1"]
305 verbose parsed url { protocol: null,
305 verbose parsed url   slashes: null,
305 verbose parsed url   auth: null,
305 verbose parsed url   host: null,
305 verbose parsed url   port: null,
305 verbose parsed url   hostname: null,
305 verbose parsed url   hash: null,
305 verbose parsed url   search: null,
305 verbose parsed url   query: null,
305 verbose parsed url   pathname: '1.0.1',
305 verbose parsed url   path: '1.0.1',
305 verbose parsed url   href: '1.0.1' }
306 verbose addNamed [ 'hooks-fixed', '1.0.1' ]
307 verbose addNamed [ '1.0.1', '1.0.1' ]
308 silly lockFile d29ad5d3-hooks-fixed-1-0-1 hooks-fixed@1.0.1
309 verbose lock hooks-fixed@1.0.1 /Users/paoloceravolo/.npm/d29ad5d3-hooks-fixed-1-0-1.lock
310 verbose cache add [ 'mongodb@2.0.33', null ]
311 verbose cache add name=undefined spec="mongodb@2.0.33" args=["mongodb@2.0.33",null]
312 verbose parsed url { protocol: null,
312 verbose parsed url   slashes: null,
312 verbose parsed url   auth: null,
312 verbose parsed url   host: null,
312 verbose parsed url   port: null,
312 verbose parsed url   hostname: null,
312 verbose parsed url   hash: null,
312 verbose parsed url   search: null,
312 verbose parsed url   query: null,
312 verbose parsed url   pathname: 'mongodb@2.0.33',
312 verbose parsed url   path: 'mongodb@2.0.33',
312 verbose parsed url   href: 'mongodb@2.0.33' }
313 verbose cache add name="kareem" spec="1.0.1" args=["kareem","1.0.1"]
314 verbose parsed url { protocol: null,
314 verbose parsed url   slashes: null,
314 verbose parsed url   auth: null,
314 verbose parsed url   host: null,
314 verbose parsed url   port: null,
314 verbose parsed url   hostname: null,
314 verbose parsed url   hash: null,
314 verbose parsed url   search: null,
314 verbose parsed url   query: null,
314 verbose parsed url   pathname: '1.0.1',
314 verbose parsed url   path: '1.0.1',
314 verbose parsed url   href: '1.0.1' }
315 verbose addNamed [ 'kareem', '1.0.1' ]
316 verbose addNamed [ '1.0.1', '1.0.1' ]
317 silly lockFile a1b8311f-kareem-1-0-1 kareem@1.0.1
318 verbose lock kareem@1.0.1 /Users/paoloceravolo/.npm/a1b8311f-kareem-1-0-1.lock
319 verbose cache add [ 'mpath@0.1.1', null ]
320 verbose cache add name=undefined spec="mpath@0.1.1" args=["mpath@0.1.1",null]
321 verbose parsed url { protocol: null,
321 verbose parsed url   slashes: null,
321 verbose parsed url   auth: null,
321 verbose parsed url   host: null,
321 verbose parsed url   port: null,
321 verbose parsed url   hostname: null,
321 verbose parsed url   hash: null,
321 verbose parsed url   search: null,
321 verbose parsed url   query: null,
321 verbose parsed url   pathname: 'mpath@0.1.1',
321 verbose parsed url   path: 'mpath@0.1.1',
321 verbose parsed url   href: 'mpath@0.1.1' }
322 verbose cache add name="mongodb" spec="2.0.33" args=["mongodb","2.0.33"]
323 verbose parsed url { protocol: null,
323 verbose parsed url   slashes: null,
323 verbose parsed url   auth: null,
323 verbose parsed url   host: null,
323 verbose parsed url   port: null,
323 verbose parsed url   hostname: null,
323 verbose parsed url   hash: null,
323 verbose parsed url   search: null,
323 verbose parsed url   query: null,
323 verbose parsed url   pathname: '2.0.33',
323 verbose parsed url   path: '2.0.33',
323 verbose parsed url   href: '2.0.33' }
324 verbose addNamed [ 'mongodb', '2.0.33' ]
325 verbose addNamed [ '2.0.33', '2.0.33' ]
326 silly lockFile d5cd724b-mongodb-2-0-33 mongodb@2.0.33
327 verbose lock mongodb@2.0.33 /Users/paoloceravolo/.npm/d5cd724b-mongodb-2-0-33.lock
328 silly addNameRange { name: 'bson', range: '>=0.3.0-0 <0.4.0-0', hasData: false }
329 verbose request where is /async
330 verbose request registry https://registry.npmjs.org/
331 verbose url raw /async
332 verbose url resolving [ 'https://registry.npmjs.org/', './async' ]
333 verbose url resolved https://registry.npmjs.org/async
334 verbose request where is https://registry.npmjs.org/async
335 info trying registry request attempt 1 at 08:23:07
336 http GET https://registry.npmjs.org/async
337 verbose cache add [ 'mpromise@0.5.4', null ]
338 verbose cache add name=undefined spec="mpromise@0.5.4" args=["mpromise@0.5.4",null]
339 verbose parsed url { protocol: null,
339 verbose parsed url   slashes: null,
339 verbose parsed url   auth: null,
339 verbose parsed url   host: null,
339 verbose parsed url   port: null,
339 verbose parsed url   hostname: null,
339 verbose parsed url   hash: null,
339 verbose parsed url   search: null,
339 verbose parsed url   query: null,
339 verbose parsed url   pathname: 'mpromise@0.5.4',
339 verbose parsed url   path: 'mpromise@0.5.4',
339 verbose parsed url   href: 'mpromise@0.5.4' }
340 verbose cache add [ 'mquery@1.5.1', null ]
341 verbose cache add name=undefined spec="mquery@1.5.1" args=["mquery@1.5.1",null]
342 verbose parsed url { protocol: null,
342 verbose parsed url   slashes: null,
342 verbose parsed url   auth: null,
342 verbose parsed url   host: null,
342 verbose parsed url   port: null,
342 verbose parsed url   hostname: null,
342 verbose parsed url   hash: null,
342 verbose parsed url   search: null,
342 verbose parsed url   query: null,
342 verbose parsed url   pathname: 'mquery@1.5.1',
342 verbose parsed url   path: 'mquery@1.5.1',
342 verbose parsed url   href: 'mquery@1.5.1' }
343 verbose cache add [ 'ms@0.1.0', null ]
344 verbose cache add name=undefined spec="ms@0.1.0" args=["ms@0.1.0",null]
345 verbose parsed url { protocol: null,
345 verbose parsed url   slashes: null,
345 verbose parsed url   auth: null,
345 verbose parsed url   host: null,
345 verbose parsed url   port: null,
345 verbose parsed url   hostname: null,
345 verbose parsed url   hash: null,
345 verbose parsed url   search: null,
345 verbose parsed url   query: null,
345 verbose parsed url   pathname: 'ms@0.1.0',
345 verbose parsed url   path: 'ms@0.1.0',
345 verbose parsed url   href: 'ms@0.1.0' }
346 verbose cache add name="mpath" spec="0.1.1" args=["mpath","0.1.1"]
347 verbose parsed url { protocol: null,
347 verbose parsed url   slashes: null,
347 verbose parsed url   auth: null,
347 verbose parsed url   host: null,
347 verbose parsed url   port: null,
347 verbose parsed url   hostname: null,
347 verbose parsed url   hash: null,
347 verbose parsed url   search: null,
347 verbose parsed url   query: null,
347 verbose parsed url   pathname: '0.1.1',
347 verbose parsed url   path: '0.1.1',
347 verbose parsed url   href: '0.1.1' }
348 verbose addNamed [ 'mpath', '0.1.1' ]
349 verbose addNamed [ '0.1.1', '0.1.1' ]
350 silly lockFile 7ed304e1-mpath-0-1-1 mpath@0.1.1
351 verbose lock mpath@0.1.1 /Users/paoloceravolo/.npm/7ed304e1-mpath-0-1-1.lock
352 verbose request where is /hooks-fixed
353 verbose request registry https://registry.npmjs.org/
354 verbose url raw /hooks-fixed
355 verbose url resolving [ 'https://registry.npmjs.org/', './hooks-fixed' ]
356 verbose url resolved https://registry.npmjs.org/hooks-fixed
357 verbose request where is https://registry.npmjs.org/hooks-fixed
358 info trying registry request attempt 1 at 08:23:07
359 http GET https://registry.npmjs.org/hooks-fixed
360 verbose cache add name="mpromise" spec="0.5.4" args=["mpromise","0.5.4"]
361 verbose parsed url { protocol: null,
361 verbose parsed url   slashes: null,
361 verbose parsed url   auth: null,
361 verbose parsed url   host: null,
361 verbose parsed url   port: null,
361 verbose parsed url   hostname: null,
361 verbose parsed url   hash: null,
361 verbose parsed url   search: null,
361 verbose parsed url   query: null,
361 verbose parsed url   pathname: '0.5.4',
361 verbose parsed url   path: '0.5.4',
361 verbose parsed url   href: '0.5.4' }
362 verbose addNamed [ 'mpromise', '0.5.4' ]
363 verbose addNamed [ '0.5.4', '0.5.4' ]
364 silly lockFile d0041b43-mpromise-0-5-4 mpromise@0.5.4
365 verbose lock mpromise@0.5.4 /Users/paoloceravolo/.npm/d0041b43-mpromise-0-5-4.lock
366 verbose cache add name="mquery" spec="1.5.1" args=["mquery","1.5.1"]
367 verbose parsed url { protocol: null,
367 verbose parsed url   slashes: null,
367 verbose parsed url   auth: null,
367 verbose parsed url   host: null,
367 verbose parsed url   port: null,
367 verbose parsed url   hostname: null,
367 verbose parsed url   hash: null,
367 verbose parsed url   search: null,
367 verbose parsed url   query: null,
367 verbose parsed url   pathname: '1.5.1',
367 verbose parsed url   path: '1.5.1',
367 verbose parsed url   href: '1.5.1' }
368 verbose addNamed [ 'mquery', '1.5.1' ]
369 verbose addNamed [ '1.5.1', '1.5.1' ]
370 silly lockFile 1636d94f-mquery-1-5-1 mquery@1.5.1
371 verbose lock mquery@1.5.1 /Users/paoloceravolo/.npm/1636d94f-mquery-1-5-1.lock
372 verbose cache add name="ms" spec="0.1.0" args=["ms","0.1.0"]
373 verbose parsed url { protocol: null,
373 verbose parsed url   slashes: null,
373 verbose parsed url   auth: null,
373 verbose parsed url   host: null,
373 verbose parsed url   port: null,
373 verbose parsed url   hostname: null,
373 verbose parsed url   hash: null,
373 verbose parsed url   search: null,
373 verbose parsed url   query: null,
373 verbose parsed url   pathname: '0.1.0',
373 verbose parsed url   path: '0.1.0',
373 verbose parsed url   href: '0.1.0' }
374 verbose addNamed [ 'ms', '0.1.0' ]
375 verbose addNamed [ '0.1.0', '0.1.0' ]
376 silly lockFile 9555626c-ms-0-1-0 ms@0.1.0
377 verbose lock ms@0.1.0 /Users/paoloceravolo/.npm/9555626c-ms-0-1-0.lock
378 verbose cache add [ 'muri@1.0.0', null ]
379 verbose cache add name=undefined spec="muri@1.0.0" args=["muri@1.0.0",null]
380 verbose parsed url { protocol: null,
380 verbose parsed url   slashes: null,
380 verbose parsed url   auth: null,
380 verbose parsed url   host: null,
380 verbose parsed url   port: null,
380 verbose parsed url   hostname: null,
380 verbose parsed url   hash: null,
380 verbose parsed url   search: null,
380 verbose parsed url   query: null,
380 verbose parsed url   pathname: 'muri@1.0.0',
380 verbose parsed url   path: 'muri@1.0.0',
380 verbose parsed url   href: 'muri@1.0.0' }
381 verbose cache add [ 'regexp-clone@0.0.1', null ]
382 verbose cache add name=undefined spec="regexp-clone@0.0.1" args=["regexp-clone@0.0.1",null]
383 verbose parsed url { protocol: null,
383 verbose parsed url   slashes: null,
383 verbose parsed url   auth: null,
383 verbose parsed url   host: null,
383 verbose parsed url   port: null,
383 verbose parsed url   hostname: null,
383 verbose parsed url   hash: null,
383 verbose parsed url   search: null,
383 verbose parsed url   query: null,
383 verbose parsed url   pathname: 'regexp-clone@0.0.1',
383 verbose parsed url   path: 'regexp-clone@0.0.1',
383 verbose parsed url   href: 'regexp-clone@0.0.1' }
384 verbose cache add [ 'sliced@0.0.5', null ]
385 verbose cache add name=undefined spec="sliced@0.0.5" args=["sliced@0.0.5",null]
386 verbose parsed url { protocol: null,
386 verbose parsed url   slashes: null,
386 verbose parsed url   auth: null,
386 verbose parsed url   host: null,
386 verbose parsed url   port: null,
386 verbose parsed url   hostname: null,
386 verbose parsed url   hash: null,
386 verbose parsed url   search: null,
386 verbose parsed url   query: null,
386 verbose parsed url   pathname: 'sliced@0.0.5',
386 verbose parsed url   path: 'sliced@0.0.5',
386 verbose parsed url   href: 'sliced@0.0.5' }
387 verbose request where is /kareem
388 verbose request registry https://registry.npmjs.org/
389 verbose url raw /kareem
390 verbose url resolving [ 'https://registry.npmjs.org/', './kareem' ]
391 verbose url resolved https://registry.npmjs.org/kareem
392 verbose request where is https://registry.npmjs.org/kareem
393 info trying registry request attempt 1 at 08:23:07
394 http GET https://registry.npmjs.org/kareem
395 verbose cache add name="muri" spec="1.0.0" args=["muri","1.0.0"]
396 verbose parsed url { protocol: null,
396 verbose parsed url   slashes: null,
396 verbose parsed url   auth: null,
396 verbose parsed url   host: null,
396 verbose parsed url   port: null,
396 verbose parsed url   hostname: null,
396 verbose parsed url   hash: null,
396 verbose parsed url   search: null,
396 verbose parsed url   query: null,
396 verbose parsed url   pathname: '1.0.0',
396 verbose parsed url   path: '1.0.0',
396 verbose parsed url   href: '1.0.0' }
397 verbose addNamed [ 'muri', '1.0.0' ]
398 verbose addNamed [ '1.0.0', '1.0.0' ]
399 silly lockFile 57807efc-muri-1-0-0 muri@1.0.0
400 verbose lock muri@1.0.0 /Users/paoloceravolo/.npm/57807efc-muri-1-0-0.lock
401 verbose cache add name="regexp-clone" spec="0.0.1" args=["regexp-clone","0.0.1"]
402 verbose parsed url { protocol: null,
402 verbose parsed url   slashes: null,
402 verbose parsed url   auth: null,
402 verbose parsed url   host: null,
402 verbose parsed url   port: null,
402 verbose parsed url   hostname: null,
402 verbose parsed url   hash: null,
402 verbose parsed url   search: null,
402 verbose parsed url   query: null,
402 verbose parsed url   pathname: '0.0.1',
402 verbose parsed url   path: '0.0.1',
402 verbose parsed url   href: '0.0.1' }
403 verbose addNamed [ 'regexp-clone', '0.0.1' ]
404 verbose addNamed [ '0.0.1', '0.0.1' ]
405 silly lockFile c8264751-regexp-clone-0-0-1 regexp-clone@0.0.1
406 verbose lock regexp-clone@0.0.1 /Users/paoloceravolo/.npm/c8264751-regexp-clone-0-0-1.lock
407 verbose cache add name="sliced" spec="0.0.5" args=["sliced","0.0.5"]
408 verbose parsed url { protocol: null,
408 verbose parsed url   slashes: null,
408 verbose parsed url   auth: null,
408 verbose parsed url   host: null,
408 verbose parsed url   port: null,
408 verbose parsed url   hostname: null,
408 verbose parsed url   hash: null,
408 verbose parsed url   search: null,
408 verbose parsed url   query: null,
408 verbose parsed url   pathname: '0.0.5',
408 verbose parsed url   path: '0.0.5',
408 verbose parsed url   href: '0.0.5' }
409 verbose addNamed [ 'sliced', '0.0.5' ]
410 verbose addNamed [ '0.0.5', '0.0.5' ]
411 silly lockFile 146acdb0-sliced-0-0-5 sliced@0.0.5
412 verbose lock sliced@0.0.5 /Users/paoloceravolo/.npm/146acdb0-sliced-0-0-5.lock
413 verbose request where is /mpath
414 verbose request registry https://registry.npmjs.org/
415 verbose url raw /mpath
416 verbose url resolving [ 'https://registry.npmjs.org/', './mpath' ]
417 verbose url resolved https://registry.npmjs.org/mpath
418 verbose request where is https://registry.npmjs.org/mpath
419 info trying registry request attempt 1 at 08:23:07
420 http GET https://registry.npmjs.org/mpath
421 verbose request where is /mpromise
422 verbose request registry https://registry.npmjs.org/
423 verbose url raw /mpromise
424 verbose url resolving [ 'https://registry.npmjs.org/', './mpromise' ]
425 verbose url resolved https://registry.npmjs.org/mpromise
426 verbose request where is https://registry.npmjs.org/mpromise
427 info trying registry request attempt 1 at 08:23:07
428 http GET https://registry.npmjs.org/mpromise
429 verbose request where is /mquery
430 verbose request registry https://registry.npmjs.org/
431 verbose url raw /mquery
432 verbose url resolving [ 'https://registry.npmjs.org/', './mquery' ]
433 verbose url resolved https://registry.npmjs.org/mquery
434 verbose request where is https://registry.npmjs.org/mquery
435 info trying registry request attempt 1 at 08:23:07
436 http GET https://registry.npmjs.org/mquery
437 verbose request where is /muri
438 verbose request registry https://registry.npmjs.org/
439 verbose url raw /muri
440 verbose url resolving [ 'https://registry.npmjs.org/', './muri' ]
441 verbose url resolved https://registry.npmjs.org/muri
442 verbose request where is https://registry.npmjs.org/muri
443 info trying registry request attempt 1 at 08:23:07
444 http GET https://registry.npmjs.org/muri
445 verbose request where is /regexp-clone
446 verbose request registry https://registry.npmjs.org/
447 verbose url raw /regexp-clone
448 verbose url resolving [ 'https://registry.npmjs.org/', './regexp-clone' ]
449 verbose url resolved https://registry.npmjs.org/regexp-clone
450 verbose request where is https://registry.npmjs.org/regexp-clone
451 info trying registry request attempt 1 at 08:23:07
452 http GET https://registry.npmjs.org/regexp-clone
453 verbose request where is /sliced
454 verbose request registry https://registry.npmjs.org/
455 verbose url raw /sliced
456 verbose url resolving [ 'https://registry.npmjs.org/', './sliced' ]
457 verbose url resolved https://registry.npmjs.org/sliced
458 verbose request where is https://registry.npmjs.org/sliced
459 info trying registry request attempt 1 at 08:23:07
460 http GET https://registry.npmjs.org/sliced
461 verbose registry.get https://registry.npmjs.org/mongodb not expired, no request
462 verbose request where is /ms
463 verbose request registry https://registry.npmjs.org/
464 verbose url raw /ms
465 verbose url resolving [ 'https://registry.npmjs.org/', './ms' ]
466 verbose url resolved https://registry.npmjs.org/ms
467 verbose request where is https://registry.npmjs.org/ms
468 info trying registry request attempt 1 at 08:23:07
469 verbose etag "ADYLULE5BR65IENT8QH1R72IX"
470 http GET https://registry.npmjs.org/ms
471 verbose request where is /bson
472 verbose request registry https://registry.npmjs.org/
473 verbose url raw /bson
474 verbose url resolving [ 'https://registry.npmjs.org/', './bson' ]
475 verbose url resolved https://registry.npmjs.org/bson
476 verbose request where is https://registry.npmjs.org/bson
477 info trying registry request attempt 1 at 08:23:07
478 verbose etag "5CMDJC3P8H0THRGAI1NVKF2CZ"
479 http GET https://registry.npmjs.org/bson
480 silly lockFile d5cd724b-mongodb-2-0-33 mongodb@2.0.33
481 silly lockFile d5cd724b-mongodb-2-0-33 mongodb@2.0.33
482 http 200 https://registry.npmjs.org/mpath
483 silly registry.get cb [ 200,
483 silly registry.get   { server: 'CouchDB/1.5.0 (Erlang OTP/R16B03)',
483 silly registry.get     etag: '"8VGEN5FE9IYOQF0E94BS4YBYQ"',
483 silly registry.get     'content-type': 'application/json',
483 silly registry.get     'cache-control': 'max-age=60',
483 silly registry.get     'content-length': '11833',
483 silly registry.get     'accept-ranges': 'bytes',
483 silly registry.get     date: 'Mon, 01 Jun 2015 06:23:11 GMT',
483 silly registry.get     via: '1.1 varnish',
483 silly registry.get     age: '0',
483 silly registry.get     connection: 'keep-alive',
483 silly registry.get     'x-served-by': 'cache-fra1226-FRA',
483 silly registry.get     'x-cache': 'HIT',
483 silly registry.get     'x-cache-hits': '1',
483 silly registry.get     'x-timer': 'S1433139791.512137,VS0,VE107',
483 silly registry.get     vary: 'Accept' } ]
484 silly lockFile 88623af3--npmjs-org-mpath-mpath-0-1-1-tgz https://registry.npmjs.org/mpath/-/mpath-0.1.1.tgz
485 verbose lock https://registry.npmjs.org/mpath/-/mpath-0.1.1.tgz /Users/paoloceravolo/.npm/88623af3--npmjs-org-mpath-mpath-0-1-1-tgz.lock
486 verbose addRemoteTarball [ 'https://registry.npmjs.org/mpath/-/mpath-0.1.1.tgz',
486 verbose addRemoteTarball   '23da852b7c232ee097f4759d29c0ee9cd22d5e46' ]
487 info retry fetch attempt 1 at 08:23:07
488 verbose fetch to= /var/folders/m7/qp12g5sx6jv16kn1_r6ch_440000gn/T/npm-677-sDAIIXbl/registry.npmjs.org/mpath/-/mpath-0.1.1.tgz
489 http GET https://registry.npmjs.org/mpath/-/mpath-0.1.1.tgz
490 http 200 https://registry.npmjs.org/kareem
491 silly registry.get cb [ 200,
491 silly registry.get   { server: 'CouchDB/1.5.0 (Erlang OTP/R16B03)',
491 silly registry.get     etag: '"AQWEXTO0G7A7EGL9ZWLMUZ0VM"',
491 silly registry.get     'content-type': 'application/json',
491 silly registry.get     'cache-control': 'max-age=60',
491 silly registry.get     'content-length': '19401',
491 silly registry.get     'accept-ranges': 'bytes',
491 silly registry.get     date: 'Mon, 01 Jun 2015 06:23:11 GMT',
491 silly registry.get     via: '1.1 varnish',
491 silly registry.get     age: '0',
491 silly registry.get     connection: 'keep-alive',
491 silly registry.get     'x-served-by': 'cache-fra1246-FRA',
491 silly registry.get     'x-cache': 'HIT',
491 silly registry.get     'x-cache-hits': '1',
491 silly registry.get     'x-timer': 'S1433139791.497775,VS0,VE105',
491 silly registry.get     vary: 'Accept' } ]
492 silly lockFile c8eb81e4-pmjs-org-kareem-kareem-1-0-1-tgz https://registry.npmjs.org/kareem/-/kareem-1.0.1.tgz
493 verbose lock https://registry.npmjs.org/kareem/-/kareem-1.0.1.tgz /Users/paoloceravolo/.npm/c8eb81e4-pmjs-org-kareem-kareem-1-0-1-tgz.lock
494 verbose addRemoteTarball [ 'https://registry.npmjs.org/kareem/-/kareem-1.0.1.tgz',
494 verbose addRemoteTarball   '7805d215bb53214ec3af969a1d0b1f17e3e7b95c' ]
495 info retry fetch attempt 1 at 08:23:07
496 verbose fetch to= /var/folders/m7/qp12g5sx6jv16kn1_r6ch_440000gn/T/npm-677-sDAIIXbl/registry.npmjs.org/kareem/-/kareem-1.0.1.tgz
497 http GET https://registry.npmjs.org/kareem/-/kareem-1.0.1.tgz
498 http 200 https://registry.npmjs.org/async
499 silly registry.get cb [ 200,
499 silly registry.get   { server: 'CouchDB/1.5.0 (Erlang OTP/R16B03)',
499 silly registry.get     etag: '"7JRSJIA3JOSNQNWFDDQ4GEA29"',
499 silly registry.get     'content-type': 'application/json',
499 silly registry.get     'cache-control': 'max-age=60',
499 silly registry.get     'content-length': '108614',
499 silly registry.get     'accept-ranges': 'bytes',
499 silly registry.get     date: 'Mon, 01 Jun 2015 06:23:11 GMT',
499 silly registry.get     via: '1.1 varnish',
499 silly registry.get     age: '11',
499 silly registry.get     connection: 'keep-alive',
499 silly registry.get     'x-served-by': 'cache-fra1243-FRA',
499 silly registry.get     'x-cache': 'HIT',
499 silly registry.get     'x-cache-hits': '2',
499 silly registry.get     'x-timer': 'S1433139791.478195,VS0,VE0',
499 silly registry.get     vary: 'Accept' } ]
500 silly lockFile 282f4be9--npmjs-org-async-async-0-9-0-tgz https://registry.npmjs.org/async/-/async-0.9.0.tgz
501 verbose lock https://registry.npmjs.org/async/-/async-0.9.0.tgz /Users/paoloceravolo/.npm/282f4be9--npmjs-org-async-async-0-9-0-tgz.lock
502 verbose addRemoteTarball [ 'https://registry.npmjs.org/async/-/async-0.9.0.tgz',
502 verbose addRemoteTarball   'ac3613b1da9bed1b47510bb4651b8931e47146c7' ]
503 info retry fetch attempt 1 at 08:23:07
504 verbose fetch to= /var/folders/m7/qp12g5sx6jv16kn1_r6ch_440000gn/T/npm-677-sDAIIXbl/registry.npmjs.org/async/-/async-0.9.0.tgz
505 http GET https://registry.npmjs.org/async/-/async-0.9.0.tgz
506 http 200 https://registry.npmjs.org/muri
507 silly registry.get cb [ 200,
507 silly registry.get   { server: 'CouchDB/1.5.0 (Erlang OTP/R16B03)',
507 silly registry.get     etag: '"1A8HZR3VWLZ26QA17AQVL78FR"',
507 silly registry.get     'content-type': 'application/json',
507 silly registry.get     'cache-control': 'max-age=60',
507 silly registry.get     'content-length': '10567',
507 silly registry.get     'accept-ranges': 'bytes',
507 silly registry.get     date: 'Mon, 01 Jun 2015 06:23:11 GMT',
507 silly registry.get     via: '1.1 varnish',
507 silly registry.get     age: '0',
507 silly registry.get     connection: 'keep-alive',
507 silly registry.get     'x-served-by': 'cache-fra1246-FRA',
507 silly registry.get     'x-cache': 'HIT',
507 silly registry.get     'x-cache-hits': '1',
507 silly registry.get     'x-timer': 'S1433139791.761200,VS0,VE105',
507 silly registry.get     vary: 'Accept' } ]
508 silly lockFile 1879d0f8-ry-npmjs-org-muri-muri-1-0-0-tgz https://registry.npmjs.org/muri/-/muri-1.0.0.tgz
509 verbose lock https://registry.npmjs.org/muri/-/muri-1.0.0.tgz /Users/paoloceravolo/.npm/1879d0f8-ry-npmjs-org-muri-muri-1-0-0-tgz.lock
510 verbose addRemoteTarball [ 'https://registry.npmjs.org/muri/-/muri-1.0.0.tgz',
510 verbose addRemoteTarball   'de3bf6bd71d67eae71d76689b950d2de118695c6' ]
511 info retry fetch attempt 1 at 08:23:07
512 verbose fetch to= /var/folders/m7/qp12g5sx6jv16kn1_r6ch_440000gn/T/npm-677-sDAIIXbl/registry.npmjs.org/muri/-/muri-1.0.0.tgz
513 http GET https://registry.npmjs.org/muri/-/muri-1.0.0.tgz
514 http 200 https://registry.npmjs.org/regexp-clone
515 silly registry.get cb [ 200,
515 silly registry.get   { server: 'CouchDB/1.5.0 (Erlang OTP/R16B03)',
515 silly registry.get     etag: '"AMGTX5SC3OTT0F8UOW43HZ5FK"',
515 silly registry.get     'content-type': 'application/json',
515 silly registry.get     'cache-control': 'max-age=60',
515 silly registry.get     'content-length': '2001',
515 silly registry.get     'accept-ranges': 'bytes',
515 silly registry.get     date: 'Mon, 01 Jun 2015 06:23:11 GMT',
515 silly registry.get     via: '1.1 varnish',
515 silly registry.get     age: '0',
515 silly registry.get     connection: 'keep-alive',
515 silly registry.get     'x-served-by': 'cache-fra1243-FRA',
515 silly registry.get     'x-cache': 'HIT',
515 silly registry.get     'x-cache-hits': '1',
515 silly registry.get     'x-timer': 'S1433139791.800814,VS0,VE104',
515 silly registry.get     vary: 'Accept' } ]
516 silly lockFile c14d1afe-exp-clone-regexp-clone-0-0-1-tgz https://registry.npmjs.org/regexp-clone/-/regexp-clone-0.0.1.tgz
517 verbose lock https://registry.npmjs.org/regexp-clone/-/regexp-clone-0.0.1.tgz /Users/paoloceravolo/.npm/c14d1afe-exp-clone-regexp-clone-0-0-1-tgz.lock
518 verbose addRemoteTarball [ 'https://registry.npmjs.org/regexp-clone/-/regexp-clone-0.0.1.tgz',
518 verbose addRemoteTarball   'a7c2e09891fdbf38fbb10d376fb73003e68ac589' ]
519 info retry fetch attempt 1 at 08:23:07
520 verbose fetch to= /var/folders/m7/qp12g5sx6jv16kn1_r6ch_440000gn/T/npm-677-sDAIIXbl/registry.npmjs.org/regexp-clone/-/regexp-clone-0.0.1.tgz
521 http GET https://registry.npmjs.org/regexp-clone/-/regexp-clone-0.0.1.tgz
522 http 200 https://registry.npmjs.org/mpath/-/mpath-0.1.1.tgz
523 http 200 https://registry.npmjs.org/kareem/-/kareem-1.0.1.tgz
524 http 304 https://registry.npmjs.org/ms
525 silly registry.get cb [ 304,
525 silly registry.get   { date: 'Mon, 01 Jun 2015 06:23:11 GMT',
525 silly registry.get     via: '1.1 varnish',
525 silly registry.get     'cache-control': 'max-age=60',
525 silly registry.get     etag: '"ADYLULE5BR65IENT8QH1R72IX"',
525 silly registry.get     age: '40',
525 silly registry.get     connection: 'keep-alive',
525 silly registry.get     'x-served-by': 'cache-fra1243-FRA',
525 silly registry.get     'x-cache': 'HIT',
525 silly registry.get     'x-cache-hits': '2',
525 silly registry.get     'x-timer': 'S1433139791.981510,VS0,VE0',
525 silly registry.get     vary: 'Accept' } ]
526 verbose etag https://registry.npmjs.org/ms from cache
527 http 200 https://registry.npmjs.org/async/-/async-0.9.0.tgz
528 silly lockFile 8b5d9006-gistry-npmjs-org-ms-ms-0-1-0-tgz https://registry.npmjs.org/ms/-/ms-0.1.0.tgz
529 verbose lock https://registry.npmjs.org/ms/-/ms-0.1.0.tgz /Users/paoloceravolo/.npm/8b5d9006-gistry-npmjs-org-ms-ms-0-1-0-tgz.lock
530 verbose addRemoteTarball [ 'https://registry.npmjs.org/ms/-/ms-0.1.0.tgz',
530 verbose addRemoteTarball   'f21fac490daf1d7667fd180fe9077389cc9442b2' ]
531 info retry fetch attempt 1 at 08:23:07
532 verbose fetch to= /var/folders/m7/qp12g5sx6jv16kn1_r6ch_440000gn/T/npm-677-sDAIIXbl/registry.npmjs.org/ms/-/ms-0.1.0.tgz
533 http GET https://registry.npmjs.org/ms/-/ms-0.1.0.tgz
534 silly lockFile 88623af3--npmjs-org-mpath-mpath-0-1-1-tgz https://registry.npmjs.org/mpath/-/mpath-0.1.1.tgz
535 silly lockFile 88623af3--npmjs-org-mpath-mpath-0-1-1-tgz https://registry.npmjs.org/mpath/-/mpath-0.1.1.tgz
536 silly lockFile c8eb81e4-pmjs-org-kareem-kareem-1-0-1-tgz https://registry.npmjs.org/kareem/-/kareem-1.0.1.tgz
537 silly lockFile c8eb81e4-pmjs-org-kareem-kareem-1-0-1-tgz https://registry.npmjs.org/kareem/-/kareem-1.0.1.tgz
538 silly lockFile 7ed304e1-mpath-0-1-1 mpath@0.1.1
539 silly lockFile 7ed304e1-mpath-0-1-1 mpath@0.1.1
540 silly lockFile a1b8311f-kareem-1-0-1 kareem@1.0.1
541 silly lockFile a1b8311f-kareem-1-0-1 kareem@1.0.1
542 silly lockFile 282f4be9--npmjs-org-async-async-0-9-0-tgz https://registry.npmjs.org/async/-/async-0.9.0.tgz
543 silly lockFile 282f4be9--npmjs-org-async-async-0-9-0-tgz https://registry.npmjs.org/async/-/async-0.9.0.tgz
544 silly lockFile 9a58a886-async-0-9-0 async@0.9.0
545 silly lockFile 9a58a886-async-0-9-0 async@0.9.0
546 http 200 https://registry.npmjs.org/muri/-/muri-1.0.0.tgz
547 http 304 https://registry.npmjs.org/bson
548 silly registry.get cb [ 304,
548 silly registry.get   { date: 'Mon, 01 Jun 2015 06:23:12 GMT',
548 silly registry.get     via: '1.1 varnish',
548 silly registry.get     'cache-control': 'max-age=60',
548 silly registry.get     etag: '"5CMDJC3P8H0THRGAI1NVKF2CZ"',
548 silly registry.get     age: '0',
548 silly registry.get     connection: 'keep-alive',
548 silly registry.get     'x-served-by': 'cache-fra1243-FRA',
548 silly registry.get     'x-cache': 'HIT',
548 silly registry.get     'x-cache-hits': '1',
548 silly registry.get     'x-timer': 'S1433139792.066755,VS0,VE106',
548 silly registry.get     vary: 'Accept' } ]
549 verbose etag https://registry.npmjs.org/bson from cache
550 http 200 https://registry.npmjs.org/regexp-clone/-/regexp-clone-0.0.1.tgz
551 silly addNameRange number 2 { name: 'bson', range: '>=0.3.0-0 <0.4.0-0', hasData: true }
552 silly addNameRange versions [ 'bson',
552 silly addNameRange   [ '0.0.1',
552 silly addNameRange     '0.0.2',
552 silly addNameRange     '0.0.3',
552 silly addNameRange     '0.0.4',
552 silly addNameRange     '0.0.5',
552 silly addNameRange     '0.0.6',
552 silly addNameRange     '0.0.7',
552 silly addNameRange     '0.0.8',
552 silly addNameRange     '0.0.9',
552 silly addNameRange     '0.1.0',
552 silly addNameRange     '0.1.1',
552 silly addNameRange     '0.1.3',
552 silly addNameRange     '0.1.4',
552 silly addNameRange     '0.1.5',
552 silly addNameRange     '0.1.6',
552 silly addNameRange     '0.1.7',
552 silly addNameRange     '0.1.8',
552 silly addNameRange     '0.1.9',
552 silly addNameRange     '0.2.0',
552 silly addNameRange     '0.2.1',
552 silly addNameRange     '0.2.2',
552 silly addNameRange     '0.2.3',
552 silly addNameRange     '0.2.4',
552 silly addNameRange     '0.2.5',
552 silly addNameRange     '0.2.6',
552 silly addNameRange     '0.2.7',
552 silly addNameRange     '0.2.8',
552 silly addNameRange     '0.2.9',
552 silly addNameRange     '0.2.10',
552 silly addNameRange     '0.2.11',
552 silly addNameRange     '0.2.12',
552 silly addNameRange     '0.2.13',
552 silly addNameRange     '0.2.14',
552 silly addNameRange     '0.2.15',
552 silly addNameRange     '0.2.16',
552 silly addNameRange     '0.2.17',
552 silly addNameRange     '0.2.18',
552 silly addNameRange     '0.2.19',
552 silly addNameRange     '0.2.20',
552 silly addNameRange     '0.2.21',
552 silly addNameRange     '0.3.0',
552 silly addNameRange     '0.3.1',
552 silly addNameRange     '0.3.2' ] ]
553 verbose addNamed [ 'bson', '0.3.2' ]
554 verbose addNamed [ '0.3.2', '0.3.2' ]
555 silly lockFile 6e1286a4-bson-0-3-2 bson@0.3.2
556 verbose lock bson@0.3.2 /Users/paoloceravolo/.npm/6e1286a4-bson-0-3-2.lock
557 silly lockFile 5eaa36fb-ry-npmjs-org-bson-bson-0-3-2-tgz https://registry.npmjs.org/bson/-/bson-0.3.2.tgz
558 verbose lock https://registry.npmjs.org/bson/-/bson-0.3.2.tgz /Users/paoloceravolo/.npm/5eaa36fb-ry-npmjs-org-bson-bson-0-3-2-tgz.lock
559 verbose addRemoteTarball [ 'https://registry.npmjs.org/bson/-/bson-0.3.2.tgz',
559 verbose addRemoteTarball   '56753c5e8d86d0f45744b93a9693e4f60a8bbd6c' ]
560 info retry fetch attempt 1 at 08:23:08
561 verbose fetch to= /var/folders/m7/qp12g5sx6jv16kn1_r6ch_440000gn/T/npm-677-sDAIIXbl/registry.npmjs.org/bson/-/bson-0.3.2.tgz
562 silly lockFile 1879d0f8-ry-npmjs-org-muri-muri-1-0-0-tgz https://registry.npmjs.org/muri/-/muri-1.0.0.tgz
563 silly lockFile 1879d0f8-ry-npmjs-org-muri-muri-1-0-0-tgz https://registry.npmjs.org/muri/-/muri-1.0.0.tgz
564 http GET https://registry.npmjs.org/bson/-/bson-0.3.2.tgz
565 silly lockFile 57807efc-muri-1-0-0 muri@1.0.0
566 silly lockFile 57807efc-muri-1-0-0 muri@1.0.0
567 silly lockFile c14d1afe-exp-clone-regexp-clone-0-0-1-tgz https://registry.npmjs.org/regexp-clone/-/regexp-clone-0.0.1.tgz
568 silly lockFile c14d1afe-exp-clone-regexp-clone-0-0-1-tgz https://registry.npmjs.org/regexp-clone/-/regexp-clone-0.0.1.tgz
569 silly lockFile c8264751-regexp-clone-0-0-1 regexp-clone@0.0.1
570 silly lockFile c8264751-regexp-clone-0-0-1 regexp-clone@0.0.1
571 http 200 https://registry.npmjs.org/hooks-fixed
572 silly registry.get cb [ 200,
572 silly registry.get   { server: 'CouchDB/1.5.0 (Erlang OTP/R16B03)',
572 silly registry.get     etag: '"5MJ0TCUX25ER05ZD6AZFUIPNO"',
572 silly registry.get     'content-type': 'application/json',
572 silly registry.get     'cache-control': 'max-age=60',
572 silly registry.get     'content-length': '16829',
572 silly registry.get     'accept-ranges': 'bytes',
572 silly registry.get     date: 'Mon, 01 Jun 2015 06:23:12 GMT',
572 silly registry.get     via: '1.1 varnish',
572 silly registry.get     age: '0',
572 silly registry.get     connection: 'keep-alive',
572 silly registry.get     'x-served-by': 'cache-fra1233-FRA',
572 silly registry.get     'x-cache': 'MISS',
572 silly registry.get     'x-cache-hits': '0',
572 silly registry.get     'x-timer': 'S1433139791.487922,VS0,VE714',
572 silly registry.get     vary: 'Accept' } ]
573 silly lockFile 105318d4-ooks-fixed-hooks-fixed-1-0-1-tgz https://registry.npmjs.org/hooks-fixed/-/hooks-fixed-1.0.1.tgz
574 verbose lock https://registry.npmjs.org/hooks-fixed/-/hooks-fixed-1.0.1.tgz /Users/paoloceravolo/.npm/105318d4-ooks-fixed-hooks-fixed-1-0-1-tgz.lock
575 verbose addRemoteTarball [ 'https://registry.npmjs.org/hooks-fixed/-/hooks-fixed-1.0.1.tgz',
575 verbose addRemoteTarball   'f1f6694a62317fb36c11ffb067708a15947e6f9e' ]
576 info retry fetch attempt 1 at 08:23:08
577 verbose fetch to= /var/folders/m7/qp12g5sx6jv16kn1_r6ch_440000gn/T/npm-677-sDAIIXbl/registry.npmjs.org/hooks-fixed/-/hooks-fixed-1.0.1.tgz
578 http GET https://registry.npmjs.org/hooks-fixed/-/hooks-fixed-1.0.1.tgz
579 http 200 https://registry.npmjs.org/mpromise
580 silly registry.get cb [ 200,
580 silly registry.get   { server: 'CouchDB/1.5.0 (Erlang OTP/R16B03)',
580 silly registry.get     etag: '"ANP2S12BAVZ9XZPOEVBCCO9YG"',
580 silly registry.get     'content-type': 'application/json',
580 silly registry.get     'cache-control': 'max-age=60',
580 silly registry.get     'content-length': '24225',
580 silly registry.get     'accept-ranges': 'bytes',
580 silly registry.get     date: 'Mon, 01 Jun 2015 06:23:12 GMT',
580 silly registry.get     via: '1.1 varnish',
580 silly registry.get     age: '0',
580 silly registry.get     connection: 'keep-alive',
580 silly registry.get     'x-served-by': 'cache-fra1226-FRA',
580 silly registry.get     'x-cache': 'HIT',
580 silly registry.get     'x-cache-hits': '1',
580 silly registry.get     'x-timer': 'S1433139791.523512,VS0,VE686',
580 silly registry.get     vary: 'Accept' } ]
581 silly lockFile 25b0c801--org-mpromise-mpromise-0-5-4-tgz https://registry.npmjs.org/mpromise/-/mpromise-0.5.4.tgz
582 verbose lock https://registry.npmjs.org/mpromise/-/mpromise-0.5.4.tgz /Users/paoloceravolo/.npm/25b0c801--org-mpromise-mpromise-0-5-4-tgz.lock
583 verbose addRemoteTarball [ 'https://registry.npmjs.org/mpromise/-/mpromise-0.5.4.tgz',
583 verbose addRemoteTarball   'b610613ec6de37419f944b35f0783b4de9f5dc75' ]
584 info retry fetch attempt 1 at 08:23:08
585 verbose fetch to= /var/folders/m7/qp12g5sx6jv16kn1_r6ch_440000gn/T/npm-677-sDAIIXbl/registry.npmjs.org/mpromise/-/mpromise-0.5.4.tgz
586 http GET https://registry.npmjs.org/mpromise/-/mpromise-0.5.4.tgz
587 http 200 https://registry.npmjs.org/sliced
588 silly registry.get cb [ 200,
588 silly registry.get   { server: 'CouchDB/1.5.0 (Erlang OTP/R16B03)',
588 silly registry.get     etag: '"BWWUVAZPK81QFONHEUJ3BBUW4"',
588 silly registry.get     'content-type': 'application/json',
588 silly registry.get     'cache-control': 'max-age=60',
588 silly registry.get     'content-length': '15715',
588 silly registry.get     'accept-ranges': 'bytes',
588 silly registry.get     date: 'Mon, 01 Jun 2015 06:23:12 GMT',
588 silly registry.get     via: '1.1 varnish',
588 silly registry.get     age: '0',
588 silly registry.get     connection: 'keep-alive',
588 silly registry.get     'x-served-by': 'cache-fra1246-FRA',
588 silly registry.get     'x-cache': 'HIT',
588 silly registry.get     'x-cache-hits': '1',
588 silly registry.get     'x-timer': 'S1433139791.945150,VS0,VE419',
588 silly registry.get     vary: 'Accept' } ]
589 silly lockFile de0d6290-pmjs-org-sliced-sliced-0-0-5-tgz https://registry.npmjs.org/sliced/-/sliced-0.0.5.tgz
590 verbose lock https://registry.npmjs.org/sliced/-/sliced-0.0.5.tgz /Users/paoloceravolo/.npm/de0d6290-pmjs-org-sliced-sliced-0-0-5-tgz.lock
591 verbose addRemoteTarball [ 'https://registry.npmjs.org/sliced/-/sliced-0.0.5.tgz',
591 verbose addRemoteTarball   '5edc044ca4eb6f7816d50ba2fc63e25d8fe4707f' ]
592 info retry fetch attempt 1 at 08:23:08
593 verbose fetch to= /var/folders/m7/qp12g5sx6jv16kn1_r6ch_440000gn/T/npm-677-sDAIIXbl/registry.npmjs.org/sliced/-/sliced-0.0.5.tgz
594 http GET https://registry.npmjs.org/sliced/-/sliced-0.0.5.tgz
595 http 200 https://registry.npmjs.org/ms/-/ms-0.1.0.tgz
596 http 200 https://registry.npmjs.org/hooks-fixed/-/hooks-fixed-1.0.1.tgz
597 http 200 https://registry.npmjs.org/mpromise/-/mpromise-0.5.4.tgz
598 silly lockFile 105318d4-ooks-fixed-hooks-fixed-1-0-1-tgz https://registry.npmjs.org/hooks-fixed/-/hooks-fixed-1.0.1.tgz
599 silly lockFile 105318d4-ooks-fixed-hooks-fixed-1-0-1-tgz https://registry.npmjs.org/hooks-fixed/-/hooks-fixed-1.0.1.tgz
600 silly lockFile d29ad5d3-hooks-fixed-1-0-1 hooks-fixed@1.0.1
601 silly lockFile d29ad5d3-hooks-fixed-1-0-1 hooks-fixed@1.0.1
602 silly lockFile 25b0c801--org-mpromise-mpromise-0-5-4-tgz https://registry.npmjs.org/mpromise/-/mpromise-0.5.4.tgz
603 silly lockFile 25b0c801--org-mpromise-mpromise-0-5-4-tgz https://registry.npmjs.org/mpromise/-/mpromise-0.5.4.tgz
604 silly lockFile d0041b43-mpromise-0-5-4 mpromise@0.5.4
605 silly lockFile d0041b43-mpromise-0-5-4 mpromise@0.5.4
606 http 200 https://registry.npmjs.org/bson/-/bson-0.3.2.tgz
607 http 200 https://registry.npmjs.org/mquery
608 silly registry.get cb [ 200,
608 silly registry.get   { server: 'CouchDB/1.5.0 (Erlang OTP/R16B03)',
608 silly registry.get     etag: '"9ZE7NIHJTFKHEPSSRRP7R2Z7Z"',
608 silly registry.get     'content-type': 'application/json',
608 silly registry.get     'cache-control': 'max-age=60',
608 silly registry.get     'content-length': '73024',
608 silly registry.get     'accept-ranges': 'bytes',
608 silly registry.get     date: 'Mon, 01 Jun 2015 06:23:12 GMT',
608 silly registry.get     via: '1.1 varnish',
608 silly registry.get     age: '0',
608 silly registry.get     connection: 'keep-alive',
608 silly registry.get     'x-served-by': 'cache-fra1226-FRA',
608 silly registry.get     'x-cache': 'HIT',
608 silly registry.get     'x-cache-hits': '1',
608 silly registry.get     'x-timer': 'S1433139791.731473,VS0,VE703',
608 silly registry.get     vary: 'Accept' } ]
609 silly lockFile 5cadfffd-pmjs-org-mquery-mquery-1-5-1-tgz https://registry.npmjs.org/mquery/-/mquery-1.5.1.tgz
610 verbose lock https://registry.npmjs.org/mquery/-/mquery-1.5.1.tgz /Users/paoloceravolo/.npm/5cadfffd-pmjs-org-mquery-mquery-1-5-1-tgz.lock
611 verbose addRemoteTarball [ 'https://registry.npmjs.org/mquery/-/mquery-1.5.1.tgz',
611 verbose addRemoteTarball   'f60bbf8a1e0ec6ef3ff1f22123b8b03f83a91625' ]
612 info retry fetch attempt 1 at 08:23:08
613 verbose fetch to= /var/folders/m7/qp12g5sx6jv16kn1_r6ch_440000gn/T/npm-677-sDAIIXbl/registry.npmjs.org/mquery/-/mquery-1.5.1.tgz
614 http GET https://registry.npmjs.org/mquery/-/mquery-1.5.1.tgz
615 silly lockFile 8b5d9006-gistry-npmjs-org-ms-ms-0-1-0-tgz https://registry.npmjs.org/ms/-/ms-0.1.0.tgz
616 silly lockFile 8b5d9006-gistry-npmjs-org-ms-ms-0-1-0-tgz https://registry.npmjs.org/ms/-/ms-0.1.0.tgz
617 silly lockFile 9555626c-ms-0-1-0 ms@0.1.0
618 silly lockFile 9555626c-ms-0-1-0 ms@0.1.0
619 verbose about to build /Users/paoloceravolo/GitHub/nodetest/node_modules/mongoose
620 verbose node_modules/mongoose unbuild
621 info preuninstall mongoose@4.0.4
622 info uninstall mongoose@4.0.4
623 verbose true,/Users/paoloceravolo/GitHub/nodetest/node_modules,/Users/paoloceravolo/GitHub/nodetest/node_modules unbuild mongoose@4.0.4
624 info postuninstall mongoose@4.0.4
625 error Error: EACCES, mkdir '/Users/paoloceravolo/.npm/ms/0.1.0'
625 error  { [Error: EACCES, mkdir '/Users/paoloceravolo/.npm/ms/0.1.0']
625 error   errno: 3,
625 error   code: 'EACCES',
625 error   path: '/Users/paoloceravolo/.npm/ms/0.1.0',
625 error   parent: 'mongoose' }
626 error Please try running this command again as root/Administrator.
627 error System Darwin 14.3.0
628 error command "node" "/usr/local/bin/npm" "install" "mongoose"
629 error cwd /Users/paoloceravolo/GitHub/nodetest
630 error node -v v0.10.30
631 error npm -v 1.4.21
632 error path /Users/paoloceravolo/.npm/ms/0.1.0
633 error code EACCES
634 error errno 3
635 error stack Error: EACCES, mkdir '/Users/paoloceravolo/.npm/ms/0.1.0'
636 verbose exit [ 3, true ]
